\BOOKMARK [0][-]{chapter.1}{Introduction}{}
\BOOKMARK [1][-]{section.1.1}{Motivation}{chapter.1}
\BOOKMARK [1][-]{section.1.2}{Idea and Goal}{chapter.1}
\BOOKMARK [1][-]{section.1.3}{Framework}{chapter.1}
\BOOKMARK [0][-]{chapter.2}{Graph Theory}{}
\BOOKMARK [0][-]{chapter.3}{System Theory}{}
\BOOKMARK [0][-]{chapter.4}{MTIDS User Manual}{}
\BOOKMARK [1][-]{section.4.1}{MTIDS Concepts}{chapter.4}
\BOOKMARK [2][-]{subsection.4.1.1}{Nodes and connections}{section.4.1}
\BOOKMARK [2][-]{subsection.4.1.2}{Node dynamics and mdl-templates}{section.4.1}
\BOOKMARK [2][-]{subsection.4.1.3}{Layering and clustering}{section.4.1}
\BOOKMARK [1][-]{section.4.2}{User Interface}{chapter.4}
\BOOKMARK [2][-]{subsection.4.2.1}{Menu overview}{section.4.2}
\BOOKMARK [2][-]{subsection.4.2.2}{Drag-and-Drop operations}{section.4.2}
\BOOKMARK [2][-]{subsection.4.2.3}{Access node properties}{section.4.2}
\BOOKMARK [2][-]{subsection.4.2.4}{Add mdl-templates}{section.4.2}
\BOOKMARK [2][-]{subsection.4.2.5}{Adding and removing nodes}{section.4.2}
\BOOKMARK [2][-]{subsection.4.2.6}{Adding and removing connections}{section.4.2}
\BOOKMARK [2][-]{subsection.4.2.7}{Editting node properties}{section.4.2}
\BOOKMARK [1][-]{section.4.3}{Interacting with Simulink}{chapter.4}
\BOOKMARK [2][-]{subsection.4.3.1}{Exporting to Simulink}{section.4.3}
\BOOKMARK [2][-]{subsection.4.3.2}{Creating and modifying templates}{section.4.3}
\BOOKMARK [2][-]{subsection.4.3.3}{Layering}{section.4.3}
\BOOKMARK [2][-]{subsection.4.3.4}{Simulation}{section.4.3}
\BOOKMARK [1][-]{section.4.4}{Interacting with Matlab}{chapter.4}
\BOOKMARK [2][-]{subsection.4.4.1}{Linear Algebra}{section.4.4}
\BOOKMARK [2][-]{subsection.4.4.2}{Eigenvector and eigenvalue extraction of matrices}{section.4.4}
\BOOKMARK [2][-]{subsection.4.4.3}{Control Toolbox functions}{section.4.4}
\BOOKMARK [0][-]{chapter.5}{Conclusion and Future Development}{}
\BOOKMARK [1][-]{section.5.1}{Conclusion}{chapter.5}
\BOOKMARK [1][-]{section.5.2}{Future Development}{chapter.5}
\BOOKMARK [0][-]{section.5.2}{List of Figures}{}
