This is pdfTeX, Version 3.1415926-2.4-1.40.13 (MiKTeX 2.9) (preloaded format=pdflatex 2013.11.14)  23 JAN 2014 11:12
entering extended mode
**user_guide.tex

("C:\Users\Thomas Plöckl\Desktop\Uni\WS201314\matlabtoolbox\matlabversion\user
guide\user_guide.tex"
LaTeX2e <2011/06/27>
Babel <v3.8m> and hyphenation patterns for english, afrikaans, ancientgreek, ar
abic, armenian, assamese, basque, bengali, bokmal, bulgarian, catalan, coptic, 
croatian, czech, danish, dutch, esperanto, estonian, farsi, finnish, french, ga
lician, german, german-x-2012-05-30, greek, gujarati, hindi, hungarian, iceland
ic, indonesian, interlingua, irish, italian, kannada, kurmanji, latin, latvian,
 lithuanian, malayalam, marathi, mongolian, mongolianlmc, monogreek, ngerman, n
german-x-2012-05-30, nynorsk, oriya, panjabi, pinyin, polish, portuguese, roman
ian, russian, sanskrit, serbian, slovak, slovenian, spanish, swedish, swissgerm
an, tamil, telugu, turkish, turkmen, ukenglish, ukrainian, uppersorbian, usengl
ishmax, welsh, loaded.
("C:\Program Files (x86)\MiKTeX 2.9\tex\latex\base\report.cls"
Document Class: report 2007/10/19 v1.4h Standard LaTeX document class
("C:\Program Files (x86)\MiKTeX 2.9\tex\latex\base\size12.clo"
File: size12.clo 2007/10/19 v1.4h Standard LaTeX file (size option)
)
\c@part=\count79
\c@chapter=\count80
\c@section=\count81
\c@subsection=\count82
\c@subsubsection=\count83
\c@paragraph=\count84
\c@subparagraph=\count85
\c@figure=\count86
\c@table=\count87
\abovecaptionskip=\skip41
\belowcaptionskip=\skip42
\bibindent=\dimen102
)
("C:\Program Files (x86)\MiKTeX 2.9\tex\latex\graphics\graphicx.sty"
Package: graphicx 1999/02/16 v1.0f Enhanced LaTeX Graphics (DPC,SPQR)

("C:\Program Files (x86)\MiKTeX 2.9\tex\latex\graphics\keyval.sty"
Package: keyval 1999/03/16 v1.13 key=value parser (DPC)
\KV@toks@=\toks14
)
("C:\Program Files (x86)\MiKTeX 2.9\tex\latex\graphics\graphics.sty"
Package: graphics 2009/02/05 v1.0o Standard LaTeX Graphics (DPC,SPQR)

("C:\Program Files (x86)\MiKTeX 2.9\tex\latex\graphics\trig.sty"
Package: trig 1999/03/16 v1.09 sin cos tan (DPC)
)
("C:\Program Files (x86)\MiKTeX 2.9\tex\latex\00miktex\graphics.cfg"
File: graphics.cfg 2007/01/18 v1.5 graphics configuration of teTeX/TeXLive
)
Package graphics Info: Driver file: pdftex.def on input line 91.

("C:\Program Files (x86)\MiKTeX 2.9\tex\latex\pdftex-def\pdftex.def"
File: pdftex.def 2011/05/27 v0.06d Graphics/color for pdfTeX

("C:\Program Files (x86)\MiKTeX 2.9\tex\generic\oberdiek\infwarerr.sty"
Package: infwarerr 2010/04/08 v1.3 Providing info/warning/error messages (HO)
)
("C:\Program Files (x86)\MiKTeX 2.9\tex\generic\oberdiek\ltxcmds.sty"
Package: ltxcmds 2011/11/09 v1.22 LaTeX kernel commands for general use (HO)
)
\Gread@gobject=\count88
))
\Gin@req@height=\dimen103
\Gin@req@width=\dimen104
)
("C:\Users\Thomas Plöckl\Desktop\Uni\WS201314\matlabtoolbox\matlabversion\user
guide\user_guide.aux")
LaTeX Font Info:    Checking defaults for OML/cmm/m/it on input line 8.
LaTeX Font Info:    ... okay on input line 8.
LaTeX Font Info:    Checking defaults for T1/cmr/m/n on input line 8.
LaTeX Font Info:    ... okay on input line 8.
LaTeX Font Info:    Checking defaults for OT1/cmr/m/n on input line 8.
LaTeX Font Info:    ... okay on input line 8.
LaTeX Font Info:    Checking defaults for OMS/cmsy/m/n on input line 8.
LaTeX Font Info:    ... okay on input line 8.
LaTeX Font Info:    Checking defaults for OMX/cmex/m/n on input line 8.
LaTeX Font Info:    ... okay on input line 8.
LaTeX Font Info:    Checking defaults for U/cmr/m/n on input line 8.
LaTeX Font Info:    ... okay on input line 8.

("C:\Program Files (x86)\MiKTeX 2.9\tex\context\base\supp-pdf.mkii"
[Loading MPS to PDF converter (version 2006.09.02).]
\scratchcounter=\count89
\scratchdimen=\dimen105
\scratchbox=\box26
\nofMPsegments=\count90
\nofMParguments=\count91
\everyMPshowfont=\toks15
\MPscratchCnt=\count92
\MPscratchDim=\dimen106
\MPnumerator=\count93
\makeMPintoPDFobject=\count94
\everyMPtoPDFconversion=\toks16
) [1

{C:/ProgramData/MiKTeX/2.9/pdftex/config/pdftex.map}]
Chapter 1.

Underfull \hbox (badness 10000) in paragraph at lines 19--24

 []


Underfull \hbox (badness 10000) in paragraph at lines 19--24

 []

[2

]
Chapter 2.
LaTeX Font Info:    External font `cmex10' loaded for size
(Font)              <12> on input line 70.
LaTeX Font Info:    External font `cmex10' loaded for size
(Font)              <8> on input line 70.
LaTeX Font Info:    External font `cmex10' loaded for size
(Font)              <6> on input line 70.
<userpics/dirgraphs.jpg, id=11, 402.00188pt x 134.00063pt>
File: userpics/dirgraphs.jpg Graphic file (type jpg)

<use userpics/dirgraphs.jpg>
Package pdftex.def Info: userpics/dirgraphs.jpg used on input line 99.
(pdftex.def)             Requested size: 241.20297pt x 80.40097pt.

Underfull \hbox (badness 10000) in paragraph at lines 70--104

 []

LaTeX Font Info:    Try loading font information for OMS+cmr on input line 105.

("C:\Program Files (x86)\MiKTeX 2.9\tex\latex\base\omscmr.fd"
File: omscmr.fd 1999/05/25 v2.5h Standard LaTeX font definitions
)
LaTeX Font Info:    Font shape `OMS/cmr/m/n' in size <12> not available
(Font)              Font shape `OMS/cmsy/m/n' tried instead on input line 105.

<userpics/specgraphs.jpg, id=12, 731.73375pt x 184.43906pt>
File: userpics/specgraphs.jpg Graphic file (type jpg)

<use userpics/specgraphs.jpg>
Package pdftex.def Info: userpics/specgraphs.jpg used on input line 146.
(pdftex.def)             Requested size: 439.04364pt x 110.66428pt.

Overfull \hbox (49.04364pt too wide) in paragraph at lines 146--147
 [][] 
 []

[3

 <C:/Users/Thomas Plöckl/Desktop/Uni/WS201314/matlabtoolbox/matlabversion/user
guide/userpics/dirgraphs.jpg>]
Underfull \hbox (badness 10000) in paragraph at lines 150--151

 []


Underfull \hbox (badness 10000) in paragraph at lines 158--161

 []


Underfull \hbox (badness 10000) in paragraph at lines 167--170

 []


Underfull \hbox (badness 10000) in paragraph at lines 176--179

 []

<userpics/graph.jpg, id=18, 182.18062pt x 178.41656pt>
File: userpics/graph.jpg Graphic file (type jpg)

<use userpics/graph.jpg>
Package pdftex.def Info: userpics/graph.jpg used on input line 199.
(pdftex.def)             Requested size: 109.3092pt x 107.05075pt.

Underfull \hbox (badness 10000) in paragraph at lines 182--205

 []

[4 <C:/Users/Thomas Plöckl/Desktop/Uni/WS201314/matlabtoolbox/matlabversion/us
erguide/userpics/specgraphs.jpg>]
Underfull \hbox (badness 10000) in paragraph at lines 225--229

 []


Underfull \hbox (badness 10000) in paragraph at lines 225--229

 []


Underfull \hbox (badness 10000) in paragraph at lines 231--242

 []


Underfull \hbox (badness 10000) in paragraph at lines 231--242

 []

[5 <C:/Users/Thomas Plöckl/Desktop/Uni/WS201314/matlabtoolbox/matlabversion/us
erguide/userpics/graph.jpg>]
Chapter 3.
<userpics/startwindow.jpg, id=29, 320.69812pt x 111.41624pt>
File: userpics/startwindow.jpg Graphic file (type jpg)

<use userpics/startwindow.jpg>
Package pdftex.def Info: userpics/startwindow.jpg used on input line 248.
(pdftex.def)             Requested size: 320.69733pt x 111.41597pt.

Underfull \hbox (badness 10000) in paragraph at lines 243--255

 []


Underfull \hbox (badness 10000) in paragraph at lines 243--255

 []


Underfull \hbox (badness 10000) in paragraph at lines 243--255

 []

<userpics/user_panela3.jpg, id=30, 371.88937pt x 311.66437pt>
File: userpics/user_panela3.jpg Graphic file (type jpg)

<use userpics/user_panela3.jpg>
Package pdftex.def Info: userpics/user_panela3.jpg used on input line 258.
(pdftex.def)             Requested size: 223.13533pt x 187.00006pt.
 [6

 <C:/Users/Thomas Plöckl/Desktop/Uni/WS201314/matlabtoolbox/matlabversion/user
guide/userpics/startwindow.jpg>]
Underfull \hbox (badness 10000) in paragraph at lines 262--263

 []

<userpics/toolsa.jpg, id=34, 247.67531pt x 75.28125pt>
File: userpics/toolsa.jpg Graphic file (type jpg)

<use userpics/toolsa.jpg>
Package pdftex.def Info: userpics/toolsa.jpg used on input line 273.
(pdftex.def)             Requested size: 198.1405pt x 60.22507pt.

Underfull \hbox (badness 10000) in paragraph at lines 277--279

 []


Underfull \hbox (badness 10000) in paragraph at lines 277--279

 []

[7 <C:/Users/Thomas Plöckl/Desktop/Uni/WS201314/matlabtoolbox/matlabversion/us
erguide/userpics/user_panela3.jpg> <C:/Users/Thomas Plöckl/Desktop/Uni/WS20131
4/matlabtoolbox/matlabversion/userguide/userpics/toolsa.jpg>]
<userpics/exportworkspace.jpg, id=39, 219.82124pt x 176.15813pt>
File: userpics/exportworkspace.jpg Graphic file (type jpg)

<use userpics/exportworkspace.jpg>
Package pdftex.def Info: userpics/exportworkspace.jpg used on input line 295.
(pdftex.def)             Requested size: 131.89375pt x 105.69568pt.


LaTeX Warning: `h' float specifier changed to `ht'.

<userpics/exportgraph.jpg, id=40, 184.43906pt x 155.83218pt>
File: userpics/exportgraph.jpg Graphic file (type jpg)

<use userpics/exportgraph.jpg>
Package pdftex.def Info: userpics/exportgraph.jpg used on input line 310.
(pdftex.def)             Requested size: 110.66428pt x 93.50003pt.

Underfull \hbox (badness 10000) in paragraph at lines 306--327

 []


Underfull \hbox (badness 10000) in paragraph at lines 306--327

 []


Underfull \hbox (badness 10000) in paragraph at lines 306--327

 []


Underfull \hbox (badness 10000) in paragraph at lines 306--327

 []


Underfull \hbox (badness 10000) in paragraph at lines 306--327

 []


Underfull \hbox (badness 10000) in paragraph at lines 306--327

 []


Underfull \hbox (badness 10000) in paragraph at lines 306--327

 []


Underfull \hbox (badness 10000) in paragraph at lines 306--327

 []


Underfull \hbox (badness 10000) in paragraph at lines 306--327

 []


Underfull \hbox (badness 10000) in paragraph at lines 306--327

 []


Underfull \hbox (badness 10000) in paragraph at lines 306--327

 []

[8] [9 <C:/Users/Thomas Plöckl/Desktop/Uni/WS201314/matlabtoolbox/matlabversio
n/userguide/userpics/exportworkspace.jpg> <C:/Users/Thomas Plöckl/Desktop/Uni/
WS201314/matlabtoolbox/matlabversion/userguide/userpics/exportgraph.jpg>]
Underfull \hbox (badness 10000) in paragraph at lines 328--329

 []

<userpics/setnodecolor.jpg, id=47, 301.125pt x 165.61874pt>
File: userpics/setnodecolor.jpg Graphic file (type jpg)

<use userpics/setnodecolor.jpg>
Package pdftex.def Info: userpics/setnodecolor.jpg used on input line 337.
(pdftex.def)             Requested size: 240.90031pt x 132.49516pt.

Underfull \hbox (badness 10000) in paragraph at lines 334--370

 []


Underfull \hbox (badness 10000) in paragraph at lines 334--370

 []


Underfull \hbox (badness 10000) in paragraph at lines 334--370

 []


Underfull \hbox (badness 10000) in paragraph at lines 334--370

 []


Underfull \hbox (badness 10000) in paragraph at lines 334--370

 []

[10 <C:/Users/Thomas Plöckl/Desktop/Uni/WS201314/matlabtoolbox/matlabversion/u
serguide/userpics/setnodecolor.jpg>]
Underfull \hbox (badness 10000) in paragraph at lines 378--380

 []


Underfull \hbox (badness 10000) in paragraph at lines 378--380

 []

<userpics/template.jpg, id=51, 379.4175pt x 232.61906pt>
File: userpics/template.jpg Graphic file (type jpg)

<use userpics/template.jpg>
Package pdftex.def Info: userpics/template.jpg used on input line 384.
(pdftex.def)             Requested size: 265.59042pt x 162.83221pt.

<userpics/template2.jpg, id=52, 350.05782pt x 214.55156pt>
File: userpics/template2.jpg Graphic file (type jpg)

<use userpics/template2.jpg>
Package pdftex.def Info: userpics/template2.jpg used on input line 402.
(pdftex.def)             Requested size: 245.03879pt x 150.18506pt.

Underfull \hbox (badness 10000) in paragraph at lines 381--409

 []


Underfull \hbox (badness 10000) in paragraph at lines 381--409

 []


Underfull \hbox (badness 10000) in paragraph at lines 381--409

 []


Underfull \hbox (badness 10000) in paragraph at lines 381--409

 []


Underfull \hbox (badness 10000) in paragraph at lines 381--409

 []


Underfull \hbox (badness 10000) in paragraph at lines 381--409

 []


Underfull \hbox (badness 10000) in paragraph at lines 381--409

 []


Underfull \hbox (badness 10000) in paragraph at lines 381--409

 []


Underfull \hbox (badness 10000) in paragraph at lines 381--409

 []


Underfull \hbox (badness 10000) in paragraph at lines 381--409

 []


Underfull \hbox (badness 10000) in paragraph at lines 381--409

 []


Underfull \hbox (badness 10000) in paragraph at lines 381--409

 []


LaTeX Warning: `h' float specifier changed to `ht'.


LaTeX Warning: `h' float specifier changed to `ht'.

[11] <userpics/manageparaset2.jpg, id=56, 206.27063pt x 301.8778pt>
File: userpics/manageparaset2.jpg Graphic file (type jpg)

<use userpics/manageparaset2.jpg>
Package pdftex.def Info: userpics/manageparaset2.jpg used on input line 413.
(pdftex.def)             Requested size: 144.38844pt x 211.31302pt.

<userpics/mode2.jpg, id=57, 313.9228pt x 126.4725pt>
File: userpics/mode2.jpg Graphic file (type jpg)
 <use userpics/mode2.jpg>
Package pdftex.def Info: userpics/mode2.jpg used on input line 421.
(pdftex.def)             Requested size: 251.13857pt x 101.17813pt.

<userpics/mode1.jpg, id=58, 315.42844pt x 130.23656pt>
File: userpics/mode1.jpg Graphic file (type jpg)

<use userpics/mode1.jpg>
Package pdftex.def Info: userpics/mode1.jpg used on input line 429.
(pdftex.def)             Requested size: 252.34308pt x 104.18938pt.

<userpics/tempparaset.jpg, id=59, 347.04657pt x 113.67468pt>
File: userpics/tempparaset.jpg Graphic file (type jpg)

<use userpics/tempparaset.jpg>
Package pdftex.def Info: userpics/tempparaset.jpg used on input line 440.
(pdftex.def)             Requested size: 242.93094pt x 79.57172pt.

<userpics/inputspec.jpg, id=60, 325.96782pt x 74.52844pt>
File: userpics/inputspec.jpg Graphic file (type jpg)

<use userpics/inputspec.jpg>
Package pdftex.def Info: userpics/inputspec.jpg used on input line 448.
(pdftex.def)             Requested size: 228.1759pt x 52.16954pt.

<userpics/randomparaset.jpg, id=61, 302.63063pt x 148.30406pt>
File: userpics/randomparaset.jpg Graphic file (type jpg)

<use userpics/randomparaset.jpg>
Package pdftex.def Info: userpics/randomparaset.jpg used on input line 456.
(pdftex.def)             Requested size: 211.83998pt x 103.81212pt.

Underfull \hbox (badness 10000) in paragraph at lines 410--461

 []


Underfull \hbox (badness 10000) in paragraph at lines 410--461

 []


LaTeX Warning: `h' float specifier changed to `ht'.

[12 <C:/Users/Thomas Plöckl/Desktop/Uni/WS201314/matlabtoolbox/matlabversion/u
serguide/userpics/template.jpg>]

LaTeX Warning: `h' float specifier changed to `ht'.


LaTeX Warning: `h' float specifier changed to `ht'.


LaTeX Warning: `h' float specifier changed to `ht'.

[13 <C:/Users/Thomas Plöckl/Desktop/Uni/WS201314/matlabtoolbox/matlabversion/u
serguide/userpics/template2.jpg>]
<userpics/ltiana.jpg, id=69, 182.18062pt x 183.68625pt>
File: userpics/ltiana.jpg Graphic file (type jpg)

<use userpics/ltiana.jpg>
Package pdftex.def Info: userpics/ltiana.jpg used on input line 465.
(pdftex.def)             Requested size: 136.63512pt x 137.76433pt.

Underfull \hbox (badness 10000) in paragraph at lines 462--473

 []


Underfull \hbox (badness 10000) in paragraph at lines 462--473

 []


LaTeX Warning: `h' float specifier changed to `ht'.


Underfull \hbox (badness 10000) in paragraph at lines 475--476

 []

[14 <C:/Users/Thomas Plöckl/Desktop/Uni/WS201314/matlabtoolbox/matlabversion/u
serguide/userpics/manageparaset2.jpg>]
<userpics/inputpara.jpg, id=73, 190.46156pt x 198.7425pt>
File: userpics/inputpara.jpg Graphic file (type jpg)

<use userpics/inputpara.jpg>
Package pdftex.def Info: userpics/inputpara.jpg used on input line 494.
(pdftex.def)             Requested size: 171.4138pt x 178.86658pt.
 [15 <C:/Users/Thomas Plöckl/Desktop/Uni/WS201314/matlabtoolbox/matlabversion/
userguide/userpics/mode2.jpg> <C:/Users/Thomas Plöckl/Desktop/Uni/WS201314/mat
labtoolbox/matlabversion/userguide/userpics/mode1.jpg>] [16 <C:/Users/Thomas Pl
öckl/Desktop/Uni/WS201314/matlabtoolbox/matlabversion/userguide/userpics/tempp
araset.jpg> <C:/Users/Thomas Plöckl/Desktop/Uni/WS201314/matlabtoolbox/matlabv
ersion/userguide/userpics/inputspec.jpg> <C:/Users/Thomas Plöckl/Desktop/Uni/W
S201314/matlabtoolbox/matlabversion/userguide/userpics/randomparaset.jpg>] [17 
<C:/Users/Thomas Plöckl/Desktop/Uni/WS201314/matlabtoolbox/matlabversion/userg
uide/userpics/ltiana.jpg> <C:/Users/Thomas Plöckl/Desktop/Uni/WS201314/matlabt
oolbox/matlabversion/userguide/userpics/inputpara.jpg>] <userpics/initialcond.j
pg, id=83, 198.7425pt x 193.47281pt>
File: userpics/initialcond.jpg Graphic file (type jpg)

<use userpics/initialcond.jpg>
Package pdftex.def Info: userpics/initialcond.jpg used on input line 511.
(pdftex.def)             Requested size: 178.86658pt x 174.12392pt.

<userpics/editsimpara.jpg, id=84, 356.83313pt x 280.79906pt>
File: userpics/editsimpara.jpg Graphic file (type jpg)

<use userpics/editsimpara.jpg>
Package pdftex.def Info: userpics/editsimpara.jpg used on input line 527.
(pdftex.def)             Requested size: 321.14684pt x 252.71681pt.

Overfull \hbox (52.11662pt too wide) in paragraph at lines 524--535
\OT1/cmr/m/n/12 They can also be found in the SIMULINK browser un-der \OT1/cmr/
bx/n/12 Simulation$\OMS/cmsy/m/n/12 !$\OT1/cmr/bx/n/12 Configuration
 []


Underfull \hbox (badness 10000) in paragraph at lines 524--535

 []


Underfull \hbox (badness 10000) in paragraph at lines 524--535

 []

[18 <C:/Users/Thomas Plöckl/Desktop/Uni/WS201314/matlabtoolbox/matlabversion/u
serguide/userpics/initialcond.jpg>]
<userpics/user_panela_ug.jpg, id=88, 672.26157pt x 563.10374pt>
File: userpics/user_panela_ug.jpg Graphic file (type jpg)

<use userpics/user_panela_ug.jpg>
Package pdftex.def Info: userpics/user_panela_ug.jpg used on input line 539.
(pdftex.def)             Requested size: 336.12996pt x 281.55118pt.

Underfull \hbox (badness 10000) in paragraph at lines 536--546

 []


Underfull \hbox (badness 10000) in paragraph at lines 536--546

 []

[19 <C:/Users/Thomas Plöckl/Desktop/Uni/WS201314/matlabtoolbox/matlabversion/u
serguide/userpics/editsimpara.jpg>]
<userpics/editnodea.jpg, id=93, 201.75375pt x 298.11375pt>
File: userpics/editnodea.jpg Graphic file (type jpg)

<use userpics/editnodea.jpg>
Package pdftex.def Info: userpics/editnodea.jpg used on input line 551.
(pdftex.def)             Requested size: 161.40321pt x 238.49132pt.

<userpics/nodeinfo.jpg, id=94, 245.41687pt x 101.62968pt>
File: userpics/nodeinfo.jpg Graphic file (type jpg)

<use userpics/nodeinfo.jpg>
Package pdftex.def Info: userpics/nodeinfo.jpg used on input line 562.
(pdftex.def)             Requested size: 196.33376pt x 81.30385pt.

<userpics/plotparameters.jpg, id=95, 247.67531pt x 138.5175pt>
File: userpics/plotparameters.jpg Graphic file (type jpg)

<use userpics/plotparameters.jpg>
Package pdftex.def Info: userpics/plotparameters.jpg used on input line 570.
(pdftex.def)             Requested size: 198.1405pt x 110.81413pt.

<userpics/editplot.jpg, id=96, 380.92313pt x 83.5622pt>
File: userpics/editplot.jpg Graphic file (type jpg)

<use userpics/editplot.jpg>
Package pdftex.def Info: userpics/editplot.jpg used on input line 582.
(pdftex.def)             Requested size: 266.64436pt x 58.49312pt.

<userpics/incomingnodes.jpg, id=97, 247.67531pt x 92.59593pt>
File: userpics/incomingnodes.jpg Graphic file (type jpg)

<use userpics/incomingnodes.jpg>
Package pdftex.def Info: userpics/incomingnodes.jpg used on input line 590.
(pdftex.def)             Requested size: 198.1405pt x 74.07683pt.

<userpics/editparaval.jpg, id=98, 313.9228pt x 263.48438pt>
File: userpics/editparaval.jpg Graphic file (type jpg)

<use userpics/editparaval.jpg>
Package pdftex.def Info: userpics/editparaval.jpg used on input line 610.
(pdftex.def)             Requested size: 251.13857pt x 210.78777pt.

Underfull \hbox (badness 10000) in paragraph at lines 548--620

 []


Underfull \hbox (badness 10000) in paragraph at lines 548--620

 []


Underfull \hbox (badness 10000) in paragraph at lines 548--620

 []


Underfull \hbox (badness 10000) in paragraph at lines 548--620

 []


Underfull \hbox (badness 10000) in paragraph at lines 548--620

 []


Underfull \hbox (badness 10000) in paragraph at lines 548--620

 []


Underfull \hbox (badness 10000) in paragraph at lines 548--620

 []


Overfull \hbox (25.48457pt too wide) in paragraph at lines 548--620
\OT1/cmr/m/n/12 In or-der to check the con-sis-tency of the ap-plied pa-ram-e-t
er val-ues the 'Consistency'-
 []


Underfull \hbox (badness 10000) in paragraph at lines 548--620

 []


Underfull \hbox (badness 10000) in paragraph at lines 548--620

 []


Underfull \hbox (badness 10000) in paragraph at lines 548--620

 []


Underfull \hbox (badness 10000) in paragraph at lines 548--620

 []


Underfull \hbox (badness 10000) in paragraph at lines 548--620

 []


Underfull \hbox (badness 10000) in paragraph at lines 548--620

 []


Underfull \hbox (badness 10000) in paragraph at lines 548--620

 []


Underfull \hbox (badness 10000) in paragraph at lines 548--620

 []


Underfull \hbox (badness 10000) in paragraph at lines 548--620

 []


Underfull \hbox (badness 10000) in paragraph at lines 548--620

 []


Underfull \hbox (badness 10000) in paragraph at lines 548--620

 []


Underfull \hbox (badness 10000) in paragraph at lines 548--620

 []

[20 <C:/Users/Thomas Plöckl/Desktop/Uni/WS201314/matlabtoolbox/matlabversion/u
serguide/userpics/user_panela_ug.jpg>] [21 <C:/Users/Thomas Plöckl/Desktop/Uni
/WS201314/matlabtoolbox/matlabversion/userguide/userpics/editnodea.jpg> <C:/Use
rs/Thomas Plöckl/Desktop/Uni/WS201314/matlabtoolbox/matlabversion/userguide/us
erpics/nodeinfo.jpg>]

LaTeX Warning: `h' float specifier changed to `ht'.

[22 <C:/Users/Thomas Plöckl/Desktop/Uni/WS201314/matlabtoolbox/matlabversion/u
serguide/userpics/plotparameters.jpg> <C:/Users/Thomas Plöckl/Desktop/Uni/WS20
1314/matlabtoolbox/matlabversion/userguide/userpics/editplot.jpg>]

LaTeX Warning: `h' float specifier changed to `ht'.

[23 <C:/Users/Thomas Plöckl/Desktop/Uni/WS201314/matlabtoolbox/matlabversion/u
serguide/userpics/incomingnodes.jpg>]
<userpics/statswin.jpg, id=112, 216.81pt x 219.82124pt>
File: userpics/statswin.jpg Graphic file (type jpg)

<use userpics/statswin.jpg>
Package pdftex.def Info: userpics/statswin.jpg used on input line 623.
(pdftex.def)             Requested size: 173.44823pt x 175.85722pt.


LaTeX Warning: `h' float specifier changed to `ht'.


Underfull \hbox (badness 10000) in paragraph at lines 627--629

 []


Underfull \hbox (badness 10000) in paragraph at lines 627--629

 []

<userpics/editingwindowa.jpg, id=113, 650.43pt x 209.28188pt>
File: userpics/editingwindowa.jpg Graphic file (type jpg)

<use userpics/editingwindowa.jpg>
Package pdftex.def Info: userpics/editingwindowa.jpg used on input line 634.
(pdftex.def)             Requested size: 390.261pt x 125.57007pt.

Underfull \hbox (badness 10000) in paragraph at lines 631--639

 []

[24 <C:/Users/Thomas Plöckl/Desktop/Uni/WS201314/matlabtoolbox/matlabversion/u
serguide/userpics/editparaval.jpg>]
<userpics/nodes2.jpg, id=117, 280.04625pt x 202.50656pt>
File: userpics/nodes2.jpg Graphic file (type jpg)

<use userpics/nodes2.jpg>
Package pdftex.def Info: userpics/nodes2.jpg used on input line 642.
(pdftex.def)             Requested size: 224.0373pt x 162.00545pt.


LaTeX Warning: `h' float specifier changed to `ht'.


Underfull \hbox (badness 10000) in paragraph at lines 646--651

 []


Underfull \hbox (badness 10000) in paragraph at lines 646--651

 []

[25 <C:/Users/Thomas Plöckl/Desktop/Uni/WS201314/matlabtoolbox/matlabversion/u
serguide/userpics/statswin.jpg> <C:/Users/Thomas Plöckl/Desktop/Uni/WS201314/m
atlabtoolbox/matlabversion/userguide/userpics/editingwindowa.jpg>]
<userpics/connectionsa.jpg, id=122, 288.3272pt x 103.13531pt>
File: userpics/connectionsa.jpg Graphic file (type jpg)

<use userpics/connectionsa.jpg>
Package pdftex.def Info: userpics/connectionsa.jpg used on input line 654.
(pdftex.def)             Requested size: 230.66205pt x 82.50835pt.

Underfull \hbox (badness 10000) in paragraph at lines 658--660

 []


Underfull \hbox (badness 10000) in paragraph at lines 658--660

 []

[26 <C:/Users/Thomas Plöckl/Desktop/Uni/WS201314/matlabtoolbox/matlabversion/u
serguide/userpics/nodes2.jpg> <C:/Users/Thomas Plöckl/Desktop/Uni/WS201314/mat
labtoolbox/matlabversion/userguide/userpics/connectionsa.jpg>]
<userpics/topo.jpg, id=126, 210.7875pt x 103.88812pt>
File: userpics/topo.jpg Graphic file (type jpg)
 <use userpics/topo.jpg>
Package pdftex.def Info: userpics/topo.jpg used on input line 663.
(pdftex.def)             Requested size: 168.63022pt x 83.1106pt.

<userpics/modus.jpg, id=127, 124.21407pt x 49.68562pt>
File: userpics/modus.jpg Graphic file (type jpg)

<use userpics/modus.jpg>
Package pdftex.def Info: userpics/modus.jpg used on input line 684.
(pdftex.def)             Requested size: 124.21375pt x 49.6855pt.


LaTeX Warning: `h' float specifier changed to `ht'.


Underfull \hbox (badness 10000) in paragraph at lines 688--698

 []


Underfull \hbox (badness 10000) in paragraph at lines 688--698

 []


Underfull \hbox (badness 10000) in paragraph at lines 688--698

 []

[27 <C:/Users/Thomas Plöckl/Desktop/Uni/WS201314/matlabtoolbox/matlabversion/u
serguide/userpics/topo.jpg>]
<userpics/workflowmtids.jpg, id=131, 523.20468pt x 263.48438pt>
File: userpics/workflowmtids.jpg Graphic file (type jpg)

<use userpics/workflowmtids.jpg>
Package pdftex.def Info: userpics/workflowmtids.jpg used on input line 702.
(pdftex.def)             Requested size: 261.6017pt x 131.74185pt.

Underfull \hbox (badness 10000) in paragraph at lines 706--708

 []


Underfull \hbox (badness 10000) in paragraph at lines 706--708

 []

[28 <C:/Users/Thomas Plöckl/Desktop/Uni/WS201314/matlabtoolbox/matlabversion/u
serguide/userpics/modus.jpg> <C:/Users/Thomas Plöckl/Desktop/Uni/WS201314/matl
abtoolbox/matlabversion/userguide/userpics/workflowmtids.jpg>]
<userpics/templateltia.jpg, id=135, 370.38374pt x 235.63031pt>
File: userpics/templateltia.jpg Graphic file (type jpg)

<use userpics/templateltia.jpg>
Package pdftex.def Info: userpics/templateltia.jpg used on input line 712.
(pdftex.def)             Requested size: 185.1914pt x 117.81487pt.

Underfull \hbox (badness 10000) in paragraph at lines 709--717

 []

File: userpics/template2.jpg Graphic file (type jpg)
<use userpics/template2.jpg>
Package pdftex.def Info: userpics/template2.jpg used on input line 721.
(pdftex.def)             Requested size: 175.02847pt x 107.27551pt.

Underfull \hbox (badness 10000) in paragraph at lines 718--737

 []


Underfull \hbox (badness 10000) in paragraph at lines 718--737

 []


Underfull \hbox (badness 10000) in paragraph at lines 718--737

 []


Underfull \hbox (badness 10000) in paragraph at lines 718--737

 []


Underfull \hbox (badness 10000) in paragraph at lines 718--737

 []


Underfull \hbox (badness 10000) in paragraph at lines 718--737

 []


Underfull \hbox (badness 10000) in paragraph at lines 718--737

 []


Underfull \hbox (badness 10000) in paragraph at lines 718--737

 []


Underfull \hbox (badness 10000) in paragraph at lines 718--737

 []


Underfull \hbox (badness 10000) in paragraph at lines 718--737

 []


Underfull \hbox (badness 10000) in paragraph at lines 718--737

 []


Underfull \hbox (badness 10000) in paragraph at lines 718--737

 []


LaTeX Warning: `h' float specifier changed to `ht'.

[29 <C:/Users/Thomas Plöckl/Desktop/Uni/WS201314/matlabtoolbox/matlabversion/u
serguide/userpics/templateltia.jpg>]
<userpics/templatelti.jpg, id=139, 269.50688pt x 171.64125pt>
File: userpics/templatelti.jpg Graphic file (type jpg)

<use userpics/templatelti.jpg>
Package pdftex.def Info: userpics/templatelti.jpg used on input line 757.
(pdftex.def)             Requested size: 107.80083pt x 68.65527pt.

<userpics/templateconsensus.jpg, id=140, 424.58624pt x 245.41687pt>
File: userpics/templateconsensus.jpg Graphic file (type jpg)

<use userpics/templateconsensus.jpg>
Package pdftex.def Info: userpics/templateconsensus.jpg used on input line 766.

(pdftex.def)             Requested size: 212.2926pt x 122.70813pt.

<userpics/templatekuramoto.jpg, id=141, 409.53pt x 223.58531pt>
File: userpics/templatekuramoto.jpg Graphic file (type jpg)

<use userpics/templatekuramoto.jpg>
Package pdftex.def Info: userpics/templatekuramoto.jpg used on input line 779.
(pdftex.def)             Requested size: 163.80908pt x 89.43253pt.

Underfull \hbox (badness 10000) in paragraph at lines 744--786

 []


Underfull \hbox (badness 10000) in paragraph at lines 744--786

 []


Underfull \hbox (badness 10000) in paragraph at lines 744--786

 []


Underfull \hbox (badness 10000) in paragraph at lines 744--786

 []


Underfull \hbox (badness 10000) in paragraph at lines 744--786

 []


Underfull \hbox (badness 10000) in paragraph at lines 744--786

 []


Underfull \hbox (badness 10000) in paragraph at lines 744--786

 []


Underfull \hbox (badness 10000) in paragraph at lines 744--786

 []


Underfull \hbox (badness 10000) in paragraph at lines 744--786

 []


Underfull \hbox (badness 10000) in paragraph at lines 744--786

 []


Underfull \hbox (badness 10000) in paragraph at lines 744--786

 []


Underfull \hbox (badness 10000) in paragraph at lines 744--786

 []


Underfull \hbox (badness 10000) in paragraph at lines 744--786

 []


Underfull \hbox (badness 10000) in paragraph at lines 744--786

 []


Underfull \hbox (badness 10000) in paragraph at lines 744--786

 []


Underfull \hbox (badness 10000) in paragraph at lines 744--786

 []


Underfull \hbox (badness 10000) in paragraph at lines 744--786

 []

[30]

LaTeX Warning: `h' float specifier changed to `ht'.

[31 <C:/Users/Thomas Plöckl/Desktop/Uni/WS201314/matlabtoolbox/matlabversion/u
serguide/userpics/templatelti.jpg> <C:/Users/Thomas Plöckl/Desktop/Uni/WS20131
4/matlabtoolbox/matlabversion/userguide/userpics/templateconsensus.jpg>]
Underfull \hbox (badness 10000) in paragraph at lines 787--790

 []


Underfull \hbox (badness 10000) in paragraph at lines 787--790

 []


Underfull \hbox (badness 10000) in paragraph at lines 791--793

 []


Underfull \hbox (badness 10000) in paragraph at lines 791--793

 []

[32 <C:/Users/Thomas Plöckl/Desktop/Uni/WS201314/matlabtoolbox/matlabversion/u
serguide/userpics/templatekuramoto.jpg>]
Underfull \hbox (badness 10000) in paragraph at lines 794--796

 []


Underfull \hbox (badness 10000) in paragraph at lines 794--796

 []

[33]
Chapter 4.

Underfull \hbox (badness 10000) in paragraph at lines 799--802

 []

<userpics/graph2.jpg, id=155, 184.43906pt x 179.16937pt>
File: userpics/graph2.jpg Graphic file (type jpg)

<use userpics/graph2.jpg>
Package pdftex.def Info: userpics/graph2.jpg used on input line 816.
(pdftex.def)             Requested size: 110.66428pt x 107.50244pt.
File: userpics/graph.jpg Graphic file (type jpg)
 <use userpics/graph.jpg>
Package pdftex.def Info: userpics/graph.jpg used on input line 841.
(pdftex.def)             Requested size: 109.3092pt x 107.05075pt.

Underfull \hbox (badness 10000) in paragraph at lines 803--863

 []


Underfull \hbox (badness 10000) in paragraph at lines 803--863

 []


Underfull \hbox (badness 10000) in paragraph at lines 803--863

 []


Underfull \hbox (badness 10000) in paragraph at lines 803--863

 []


Underfull \hbox (badness 10000) in paragraph at lines 803--863

 []


Underfull \hbox (badness 10000) in paragraph at lines 803--863

 []


Underfull \hbox (badness 10000) in paragraph at lines 803--863

 []


Underfull \hbox (badness 10000) in paragraph at lines 803--863

 []


Underfull \hbox (badness 10000) in paragraph at lines 803--863

 []


Underfull \hbox (badness 10000) in paragraph at lines 803--863

 []


Underfull \hbox (badness 10000) in paragraph at lines 803--863

 []


Underfull \hbox (badness 10000) in paragraph at lines 803--863

 []


Underfull \hbox (badness 10000) in paragraph at lines 803--863

 []


LaTeX Warning: `h' float specifier changed to `ht'.

[34

] [35 <C:/Users/Thomas Plöckl/Desktop/Uni/WS201314/matlabtoolbox/matlabversion
/userguide/userpics/graph2.jpg>]
Underfull \hbox (badness 10000) in paragraph at lines 866--871

 []


Underfull \hbox (badness 10000) in paragraph at lines 866--871

 []

<userpics/rootspant.jpg, id=162, 319.94531pt x 182.93344pt>
File: userpics/rootspant.jpg Graphic file (type jpg)

<use userpics/rootspant.jpg>
Package pdftex.def Info: userpics/rootspant.jpg used on input line 888.
(pdftex.def)             Requested size: 191.96866pt x 109.7609pt.

Underfull \hbox (badness 10000) in paragraph at lines 874--912

 []


Underfull \hbox (badness 10000) in paragraph at lines 874--912

 []


Underfull \hbox (badness 10000) in paragraph at lines 874--912

 []


Underfull \hbox (badness 10000) in paragraph at lines 874--912

 []


Underfull \hbox (badness 10000) in paragraph at lines 874--912

 []


Underfull \hbox (badness 10000) in paragraph at lines 874--912

 []


Underfull \hbox (badness 10000) in paragraph at lines 874--912

 []

[36]
Underfull \hbox (badness 10000) in paragraph at lines 915--935

 []


Underfull \hbox (badness 10000) in paragraph at lines 915--935

 []


Underfull \hbox (badness 10000) in paragraph at lines 915--935

 []


Underfull \hbox (badness 10000) in paragraph at lines 915--935

 []


Underfull \hbox (badness 10000) in paragraph at lines 915--935

 []


Underfull \hbox (badness 10000) in paragraph at lines 915--935

 []


Underfull \hbox (badness 10000) in paragraph at lines 915--935

 []


Underfull \hbox (badness 10000) in paragraph at lines 915--935

 []

[37 <C:/Users/Thomas Plöckl/Desktop/Uni/WS201314/matlabtoolbox/matlabversion/u
serguide/userpics/rootspant.jpg>]
Underfull \hbox (badness 10000) in paragraph at lines 938--943

 []


Underfull \hbox (badness 10000) in paragraph at lines 938--943

 []


Underfull \hbox (badness 10000) in paragraph at lines 946--954

 []


Underfull \hbox (badness 10000) in paragraph at lines 946--954

 []


Underfull \hbox (badness 10000) in paragraph at lines 946--954

 []


Underfull \hbox (badness 10000) in paragraph at lines 946--954

 []

<userpics/graph3.jpg, id=170, 177.66376pt x 180.675pt>
File: userpics/graph3.jpg Graphic file (type jpg)

<use userpics/graph3.jpg>
Package pdftex.def Info: userpics/graph3.jpg used on input line 964.
(pdftex.def)             Requested size: 106.59906pt x 108.40582pt.

<userpics/graph4.jpg, id=171, 185.19188pt x 182.18062pt>
File: userpics/graph4.jpg Graphic file (type jpg)

<use userpics/graph4.jpg>
Package pdftex.def Info: userpics/graph4.jpg used on input line 986.
(pdftex.def)             Requested size: 111.11597pt x 109.3092pt.
File: userpics/graph.jpg Graphic file (type jpg)
 <use userpics/graph.jpg>
Package pdftex.def Info: userpics/graph.jpg used on input line 1009.
(pdftex.def)             Requested size: 109.3092pt x 107.05075pt.

<userpics/graph6.jpg, id=172, 179.92218pt x 176.91093pt>
File: userpics/graph6.jpg Graphic file (type jpg)

<use userpics/graph6.jpg>
Package pdftex.def Info: userpics/graph6.jpg used on input line 1037.
(pdftex.def)             Requested size: 107.95413pt x 106.14737pt.

<userpics/graph7.jpg, id=173, 175.40532pt x 174.6525pt>
File: userpics/graph7.jpg Graphic file (type jpg)

<use userpics/graph7.jpg>
Package pdftex.def Info: userpics/graph7.jpg used on input line 1061.
(pdftex.def)             Requested size: 105.24399pt x 104.7923pt.
File: userpics/rootspant.jpg Graphic file (type jpg)
 <use userpics/rootspant.jpg>
Package pdftex.def Info: userpics/rootspant.jpg used on input line 1084.
(pdftex.def)             Requested size: 191.96866pt x 109.7609pt.

Underfull \hbox (badness 10000) in paragraph at lines 955--1125

 []


Underfull \hbox (badness 10000) in paragraph at lines 955--1125

 []


Underfull \hbox (badness 10000) in paragraph at lines 955--1125

 []


Underfull \hbox (badness 10000) in paragraph at lines 955--1125

 []


Underfull \hbox (badness 10000) in paragraph at lines 955--1125

 []


Underfull \hbox (badness 10000) in paragraph at lines 955--1125

 []


Underfull \hbox (badness 10000) in paragraph at lines 955--1125

 []


Underfull \hbox (badness 10000) in paragraph at lines 955--1125

 []


Underfull \hbox (badness 10000) in paragraph at lines 955--1125

 []


Underfull \hbox (badness 10000) in paragraph at lines 955--1125

 []


Underfull \hbox (badness 10000) in paragraph at lines 955--1125

 []


Underfull \hbox (badness 10000) in paragraph at lines 955--1125

 []


Underfull \hbox (badness 10000) in paragraph at lines 955--1125

 []


Underfull \hbox (badness 10000) in paragraph at lines 955--1125

 []


Underfull \hbox (badness 10000) in paragraph at lines 955--1125

 []


Underfull \hbox (badness 10000) in paragraph at lines 955--1125

 []


Underfull \hbox (badness 10000) in paragraph at lines 955--1125

 []


Underfull \hbox (badness 10000) in paragraph at lines 955--1125

 []


Underfull \hbox (badness 10000) in paragraph at lines 955--1125

 []


Underfull \hbox (badness 10000) in paragraph at lines 955--1125

 []


Underfull \hbox (badness 10000) in paragraph at lines 955--1125

 []


Underfull \hbox (badness 10000) in paragraph at lines 955--1125

 []


Underfull \hbox (badness 10000) in paragraph at lines 955--1125

 []

[38] [39 <C:/Users/Thomas Plöckl/Desktop/Uni/WS201314/matlabtoolbox/matlabvers
ion/userguide/userpics/graph3.jpg>] [40 <C:/Users/Thomas Plöckl/Desktop/Uni/WS
201314/matlabtoolbox/matlabversion/userguide/userpics/graph4.jpg>]

LaTeX Warning: `h' float specifier changed to `ht'.

[41 <C:/Users/Thomas Plöckl/Desktop/Uni/WS201314/matlabtoolbox/matlabversion/u
serguide/userpics/graph6.jpg>] [42 <C:/Users/Thomas Plöckl/Desktop/Uni/WS20131
4/matlabtoolbox/matlabversion/userguide/userpics/graph7.jpg>]
Underfull \hbox (badness 10000) in paragraph at lines 1128--1130

 []

[43]
Underfull \hbox (badness 10000) in paragraph at lines 1133--1143

 []

[44]
("C:\Users\Thomas Plöckl\Desktop\Uni\WS201314\matlabtoolbox\matlabversion\user
guide\user_guide.aux") ) 
Here is how much of TeX's memory you used:
 1467 strings out of 493921
 22270 string characters out of 3144923
 78106 words of memory out of 3000000
 4751 multiletter control sequences out of 15000+200000
 9315 words of font info for 33 fonts, out of 3000000 for 9000
 841 hyphenation exceptions out of 8191
 27i,7n,24p,847b,222s stack positions out of 5000i,500n,10000p,200000b,50000s
<C:/Program Files (x86)/MiKTeX 2.9/fonts/type1/public/a
msfonts/cm/cmbx12.pfb><C:/Program Files (x86)/MiKTeX 2.9/fonts/type1/public/ams
fonts/cm/cmex10.pfb><C:/Program Files (x86)/MiKTeX 2.9/fonts/type1/public/amsfo
nts/cm/cmmi12.pfb><C:/Program Files (x86)/MiKTeX 2.9/fonts/type1/public/amsfont
s/cm/cmmi8.pfb><C:/Program Files (x86)/MiKTeX 2.9/fonts/type1/public/amsfonts/c
m/cmr12.pfb><C:/Program Files (x86)/MiKTeX 2.9/fonts/type1/public/amsfonts/cm/c
mr17.pfb><C:/Program Files (x86)/MiKTeX 2.9/fonts/type1/public/amsfonts/cm/cmr8
.pfb><C:/Program Files (x86)/MiKTeX 2.9/fonts/type1/public/amsfonts/cm/cmsy10.p
fb><C:/Program Files (x86)/MiKTeX 2.9/fonts/type1/public/amsfonts/cm/cmsy8.pfb>
<C:/Program Files (x86)/MiKTeX 2.9/fonts/type1/public/amsfonts/cm/cmti12.pfb><C
:/Program Files (x86)/MiKTeX 2.9/fonts/type1/public/amsfonts/cm/cmtt12.pfb>
Output written on user_guide.pdf (44 pages, 1648620 bytes).
PDF statistics:
 234 PDF objects out of 1000 (max. 8388607)
 0 named destinations out of 1000 (max. 500000)
 226 words of extra memory for PDF output out of 10000 (max. 10000000)

